[ 2018-04-03T22:36:05+08:00 ] ::1 /IStudy/index.php/Home/Login/addStu
INFO: [ app_begin ] --START--
INFO: Run Behavior\ReadHtmlCacheBehavior [ RunTime:0.000000s ]
INFO: [ app_begin ] --END-- [ RunTime:0.001000s ]

[ 2018-04-03T22:36:19+08:00 ] ::1 /IStudy/index.php/Home/Login/addStu
INFO: [ app_begin ] --START--
INFO: Run Behavior\ReadHtmlCacheBehavior [ RunTime:0.000000s ]
INFO: [ app_begin ] --END-- [ RunTime:0.000000s ]

[ 2018-04-03T22:36:23+08:00 ] ::1 /IStudy/index.php/Home/Login/addStu
INFO: [ app_begin ] --START--
INFO: Run Behavior\ReadHtmlCacheBehavior [ RunTime:0.000000s ]
INFO: [ app_begin ] --END-- [ RunTime:0.001000s ]

[ 2018-04-03T22:39:41+08:00 ] ::1 /IStudy/index.php/Home/Login/addStu
INFO: [ app_begin ] --START--
INFO: Run Behavior\ReadHtmlCacheBehavior [ RunTime:0.001000s ]
INFO: [ app_begin ] --END-- [ RunTime:0.001000s ]

[ 2018-04-03T22:39:55+08:00 ] ::1 /IStudy/index.php/Home/Login/addStu
INFO: [ app_begin ] --START--
INFO: Run Behavior\ReadHtmlCacheBehavior [ RunTime:0.001000s ]
INFO: [ app_begin ] --END-- [ RunTime:0.001000s ]

[ 2018-04-03T22:40:41+08:00 ] ::1 /IStudy/index.php/Home/Login/addStu
INFO: [ app_begin ] --START--
INFO: Run Behavior\ReadHtmlCacheBehavior [ RunTime:0.001000s ]
INFO: [ app_begin ] --END-- [ RunTime:0.001000s ]

[ 2018-04-03T22:40:47+08:00 ] ::1 /IStudy/index.php/Home/Login/addStu
INFO: [ app_begin ] --START--
INFO: Run Behavior\ReadHtmlCacheBehavior [ RunTime:0.001000s ]
INFO: [ app_begin ] --END-- [ RunTime:0.001000s ]

[ 2018-04-03T22:40:50+08:00 ] ::1 /IStudy/index.php/Home/Login/addStu
INFO: [ app_begin ] --START--
INFO: Run Behavior\ReadHtmlCacheBehavior [ RunTime:0.001000s ]
INFO: [ app_begin ] --END-- [ RunTime:0.001000s ]

[ 2018-04-03T22:45:07+08:00 ] ::1 /IStudy/index.php/Home/Login/addStu
INFO: [ app_begin ] --START--
INFO: Run Behavior\ReadHtmlCacheBehavior [ RunTime:0.000000s ]
INFO: [ app_begin ] --END-- [ RunTime:0.000000s ]
SQL: SHOW COLUMNS FROM `user` [ RunTime:0.0110s ]
NOTIC: [8] Use of undefined constant date - assumed 'date' C:\WWW\IStudy\Application\Common\Logic\UserLogic.class.php 第 39 行.
SQL: SHOW COLUMNS FROM `user` [ RunTime:0.0090s ]
SQL: SHOW COLUMNS FROM `user` [ RunTime:0.0070s ]
SQL: SELECT * FROM `user` WHERE `username` = 'root' LIMIT 1   [ RunTime:0.0010s ]
SQL: INSERT INTO `user` (`username`,`password`,`email`,`name`,`brief`,`category`) VALUES ('root','root',NULL,'','这个人很懒，什么都没有写','3') [ RunTime:0.0010s ]

